<?xml version="1.0" encoding="UTF-8"?>
<!-- Generated by org.testng.reporters.JUnitReportReporter -->
<testsuite skipped="0" hostname="MTYTM16221BTT" name="apiTestRunners.ApiTestRunnerEmployee" tests="1" failures="0" timestamp="05 Feb 2020 17:35:39 GMT" time="3.653" errors="0">
  <testcase name="runScenario" time="3.653" classname="apiTestRunners.ApiTestRunnerEmployee"/>
</testsuite> <!-- apiTestRunners.ApiTestRunnerEmployee -->
